[2020-08-23 16:21:11.096] [renderer1] [error] <syntax> TypeScript Server Error (3.9.6)
Debug Failure. False expression: Expected line to be non-zero
Error: Debug Failure. False expression: Expected line to be non-zero
    at failIfInvalidLocation (/usr/share/code/resources/app/extensions/node_modules/typescript/lib/tsserver.js:142443:22)
    at ScriptInfo.positionToLineOffset (/usr/share/code/resources/app/extensions/node_modules/typescript/lib/tsserver.js:142416:17)
    at toProtocolTextSpan (/usr/share/code/resources/app/extensions/node_modules/typescript/lib/tsserver.js:149627:35)
    at /usr/share/code/resources/app/extensions/node_modules/typescript/lib/tsserver.js:149157:68
    at Array.map (<anonymous>)
    at IOSession.Session.toLocationNavigationTree (/usr/share/code/resources/app/extensions/node_modules/typescript/lib/tsserver.js:149157:39)
    at IOSession.Session.getNavigationTree (/usr/share/code/resources/app/extensions/node_modules/typescript/lib/tsserver.js:149168:32)
    at Session.handlers.ts.createMapFromTemplate._a.<computed> (/usr/share/code/resources/app/extensions/node_modules/typescript/lib/tsserver.js:148011:61)
    at /usr/share/code/resources/app/extensions/node_modules/typescript/lib/tsserver.js:149553:88
    at IOSession.Session.executeWithRequestId (/usr/share/code/resources/app/extensions/node_modules/typescript/lib/tsserver.js:149544:28)
    at IOSession.Session.executeCommand (/usr/share/code/resources/app/extensions/node_modules/typescript/lib/tsserver.js:149553:33)
    at IOSession.Session.onMessage (/usr/share/code/resources/app/extensions/node_modules/typescript/lib/tsserver.js:149577:35)
    at Interface.<anonymous> (/usr/share/code/resources/app/extensions/node_modules/typescript/lib/tsserver.js:150893:27)
    at Interface.emit (events.js:203:13)
    at Interface._onLine (readline.js:316:10)
    at Interface._normalWrite (readline.js:461:12)
    at Socket.ondata (readline.js:172:10)
    at Socket.emit (events.js:203:13)
    at addChunk (_stream_readable.js:295:12)
    at readableAddChunk (_stream_readable.js:276:11)
    at Socket.Readable.push (_stream_readable.js:210:10)
    at Pipe.onStreamRead (internal/stream_base_commons.js:166:17): Error: <syntax> TypeScript Server Error (3.9.6)
Debug Failure. False expression: Expected line to be non-zero
Error: Debug Failure. False expression: Expected line to be non-zero
    at failIfInvalidLocation (/usr/share/code/resources/app/extensions/node_modules/typescript/lib/tsserver.js:142443:22)
    at ScriptInfo.positionToLineOffset (/usr/share/code/resources/app/extensions/node_modules/typescript/lib/tsserver.js:142416:17)
    at toProtocolTextSpan (/usr/share/code/resources/app/extensions/node_modules/typescript/lib/tsserver.js:149627:35)
    at /usr/share/code/resources/app/extensions/node_modules/typescript/lib/tsserver.js:149157:68
    at Array.map (<anonymous>)
    at IOSession.Session.toLocationNavigationTree (/usr/share/code/resources/app/extensions/node_modules/typescript/lib/tsserver.js:149157:39)
    at IOSession.Session.getNavigationTree (/usr/share/code/resources/app/extensions/node_modules/typescript/lib/tsserver.js:149168:32)
    at Session.handlers.ts.createMapFromTemplate._a.<computed> (/usr/share/code/resources/app/extensions/node_modules/typescript/lib/tsserver.js:148011:61)
    at /usr/share/code/resources/app/extensions/node_modules/typescript/lib/tsserver.js:149553:88
    at IOSession.Session.executeWithRequestId (/usr/share/code/resources/app/extensions/node_modules/typescript/lib/tsserver.js:149544:28)
    at IOSession.Session.executeCommand (/usr/share/code/resources/app/extensions/node_modules/typescript/lib/tsserver.js:149553:33)
    at IOSession.Session.onMessage (/usr/share/code/resources/app/extensions/node_modules/typescript/lib/tsserver.js:149577:35)
    at Interface.<anonymous> (/usr/share/code/resources/app/extensions/node_modules/typescript/lib/tsserver.js:150893:27)
    at Interface.emit (events.js:203:13)
    at Interface._onLine (readline.js:316:10)
    at Interface._normalWrite (readline.js:461:12)
    at Socket.ondata (readline.js:172:10)
    at Socket.emit (events.js:203:13)
    at addChunk (_stream_readable.js:295:12)
    at readableAddChunk (_stream_readable.js:276:11)
    at Socket.Readable.push (_stream_readable.js:210:10)
    at Pipe.onStreamRead (internal/stream_base_commons.js:166:17)
	at Function.create (/usr/share/code/resources/app/extensions/typescript-language-features/dist/extension.js:1:55161)
	at h.dispatchResponse (/usr/share/code/resources/app/extensions/typescript-language-features/dist/extension.js:1:227777)
	at h.dispatchMessage (/usr/share/code/resources/app/extensions/typescript-language-features/dist/extension.js:1:226697)
	at /usr/share/code/resources/app/extensions/typescript-language-features/dist/extension.js:1:226173
	at l.fire (/usr/share/code/resources/app/out/vs/workbench/services/extensions/node/extensionHostProcess.js:45:801)
	at l.onLengthData (/usr/share/code/resources/app/extensions/typescript-language-features/dist/extension.js:1:235493)
	at Socket.<anonymous> (/usr/share/code/resources/app/extensions/typescript-language-features/dist/extension.js:1:235141)
	at Socket.emit (events.js:203:13)
	at addChunk (_stream_readable.js:295:12)
	at readableAddChunk (_stream_readable.js:276:11)
	at Socket.Readable.push (_stream_readable.js:210:10)
	at Pipe.onStreamRead (internal/stream_base_commons.js:166:17)
[2020-08-23 16:21:19.184] [renderer1] [error] <syntax> TypeScript Server Error (3.9.6)
Debug Failure. False expression: Expected line to be non-zero
Error: Debug Failure. False expression: Expected line to be non-zero
    at failIfInvalidLocation (/usr/share/code/resources/app/extensions/node_modules/typescript/lib/tsserver.js:142443:22)
    at ScriptInfo.positionToLineOffset (/usr/share/code/resources/app/extensions/node_modules/typescript/lib/tsserver.js:142416:17)
    at toProtocolTextSpan (/usr/share/code/resources/app/extensions/node_modules/typescript/lib/tsserver.js:149627:35)
    at /usr/share/code/resources/app/extensions/node_modules/typescript/lib/tsserver.js:149157:68
    at Array.map (<anonymous>)
    at IOSession.Session.toLocationNavigationTree (/usr/share/code/resources/app/extensions/node_modules/typescript/lib/tsserver.js:149157:39)
    at IOSession.Session.getNavigationTree (/usr/share/code/resources/app/extensions/node_modules/typescript/lib/tsserver.js:149168:32)
    at Session.handlers.ts.createMapFromTemplate._a.<computed> (/usr/share/code/resources/app/extensions/node_modules/typescript/lib/tsserver.js:148011:61)
    at /usr/share/code/resources/app/extensions/node_modules/typescript/lib/tsserver.js:149553:88
    at IOSession.Session.executeWithRequestId (/usr/share/code/resources/app/extensions/node_modules/typescript/lib/tsserver.js:149544:28)
    at IOSession.Session.executeCommand (/usr/share/code/resources/app/extensions/node_modules/typescript/lib/tsserver.js:149553:33)
    at IOSession.Session.onMessage (/usr/share/code/resources/app/extensions/node_modules/typescript/lib/tsserver.js:149577:35)
    at Interface.<anonymous> (/usr/share/code/resources/app/extensions/node_modules/typescript/lib/tsserver.js:150893:27)
    at Interface.emit (events.js:203:13)
    at Interface._onLine (readline.js:316:10)
    at Interface._normalWrite (readline.js:461:12)
    at Socket.ondata (readline.js:172:10)
    at Socket.emit (events.js:203:13)
    at addChunk (_stream_readable.js:295:12)
    at readableAddChunk (_stream_readable.js:276:11)
    at Socket.Readable.push (_stream_readable.js:210:10)
    at Pipe.onStreamRead (internal/stream_base_commons.js:166:17): Error: <syntax> TypeScript Server Error (3.9.6)
Debug Failure. False expression: Expected line to be non-zero
Error: Debug Failure. False expression: Expected line to be non-zero
    at failIfInvalidLocation (/usr/share/code/resources/app/extensions/node_modules/typescript/lib/tsserver.js:142443:22)
    at ScriptInfo.positionToLineOffset (/usr/share/code/resources/app/extensions/node_modules/typescript/lib/tsserver.js:142416:17)
    at toProtocolTextSpan (/usr/share/code/resources/app/extensions/node_modules/typescript/lib/tsserver.js:149627:35)
    at /usr/share/code/resources/app/extensions/node_modules/typescript/lib/tsserver.js:149157:68
    at Array.map (<anonymous>)
    at IOSession.Session.toLocationNavigationTree (/usr/share/code/resources/app/extensions/node_modules/typescript/lib/tsserver.js:149157:39)
    at IOSession.Session.getNavigationTree (/usr/share/code/resources/app/extensions/node_modules/typescript/lib/tsserver.js:149168:32)
    at Session.handlers.ts.createMapFromTemplate._a.<computed> (/usr/share/code/resources/app/extensions/node_modules/typescript/lib/tsserver.js:148011:61)
    at /usr/share/code/resources/app/extensions/node_modules/typescript/lib/tsserver.js:149553:88
    at IOSession.Session.executeWithRequestId (/usr/share/code/resources/app/extensions/node_modules/typescript/lib/tsserver.js:149544:28)
    at IOSession.Session.executeCommand (/usr/share/code/resources/app/extensions/node_modules/typescript/lib/tsserver.js:149553:33)
    at IOSession.Session.onMessage (/usr/share/code/resources/app/extensions/node_modules/typescript/lib/tsserver.js:149577:35)
    at Interface.<anonymous> (/usr/share/code/resources/app/extensions/node_modules/typescript/lib/tsserver.js:150893:27)
    at Interface.emit (events.js:203:13)
    at Interface._onLine (readline.js:316:10)
    at Interface._normalWrite (readline.js:461:12)
    at Socket.ondata (readline.js:172:10)
    at Socket.emit (events.js:203:13)
    at addChunk (_stream_readable.js:295:12)
    at readableAddChunk (_stream_readable.js:276:11)
    at Socket.Readable.push (_stream_readable.js:210:10)
    at Pipe.onStreamRead (internal/stream_base_commons.js:166:17)
	at Function.create (/usr/share/code/resources/app/extensions/typescript-language-features/dist/extension.js:1:55161)
	at h.dispatchResponse (/usr/share/code/resources/app/extensions/typescript-language-features/dist/extension.js:1:227777)
	at h.dispatchMessage (/usr/share/code/resources/app/extensions/typescript-language-features/dist/extension.js:1:226697)
	at /usr/share/code/resources/app/extensions/typescript-language-features/dist/extension.js:1:226173
	at l.fire (/usr/share/code/resources/app/out/vs/workbench/services/extensions/node/extensionHostProcess.js:45:801)
	at l.onLengthData (/usr/share/code/resources/app/extensions/typescript-language-features/dist/extension.js:1:235493)
	at Socket.<anonymous> (/usr/share/code/resources/app/extensions/typescript-language-features/dist/extension.js:1:235141)
	at Socket.emit (events.js:203:13)
	at addChunk (_stream_readable.js:295:12)
	at readableAddChunk (_stream_readable.js:276:11)
	at Socket.Readable.push (_stream_readable.js:210:10)
	at Pipe.onStreamRead (internal/stream_base_commons.js:166:17)
[2020-08-23 18:12:02.460] [renderer1] [error] Error: file:///home/saroj/Documents/shop-bridge/src/Component/Product/index.js has changed in the meantime
    at f._validateBeforePrepare (file:///usr/share/code/resources/app/out/vs/workbench/workbench.desktop.main.js:3502:666)
    at f.apply (file:///usr/share/code/resources/app/out/vs/workbench/workbench.desktop.main.js:3503:605)
    at v._performTextEdits (file:///usr/share/code/resources/app/out/vs/workbench/workbench.desktop.main.js:6113:525)
    at v.perform (file:///usr/share/code/resources/app/out/vs/workbench/workbench.desktop.main.js:6113:93)
    at S.apply (file:///usr/share/code/resources/app/out/vs/workbench/workbench.desktop.main.js:6114:418)
    at e.$tryApplyWorkspaceEdit (file:///usr/share/code/resources/app/out/vs/workbench/workbench.desktop.main.js:4183:576)
    at p._doInvokeHandler (file:///usr/share/code/resources/app/out/vs/workbench/workbench.desktop.main.js:4258:757)
    at p._invokeHandler (file:///usr/share/code/resources/app/out/vs/workbench/workbench.desktop.main.js:4258:449)
    at p._receiveRequest (file:///usr/share/code/resources/app/out/vs/workbench/workbench.desktop.main.js:4257:120)
    at p._receiveOneMessage (file:///usr/share/code/resources/app/out/vs/workbench/workbench.desktop.main.js:4255:970)
    at file:///usr/share/code/resources/app/out/vs/workbench/workbench.desktop.main.js:4254:161
    at c.fire (file:///usr/share/code/resources/app/out/vs/workbench/workbench.desktop.main.js:95:801)
    at v.fire (file:///usr/share/code/resources/app/out/vs/workbench/workbench.desktop.main.js:430:733)
    at t.PersistentProtocol._receiveMessage (file:///usr/share/code/resources/app/out/vs/workbench/workbench.desktop.main.js:435:38)
    at file:///usr/share/code/resources/app/out/vs/workbench/workbench.desktop.main.js:432:243
    at c.fire (file:///usr/share/code/resources/app/out/vs/workbench/workbench.desktop.main.js:95:801)
    at g.acceptChunk (file:///usr/share/code/resources/app/out/vs/workbench/workbench.desktop.main.js:428:234)
    at file:///usr/share/code/resources/app/out/vs/workbench/workbench.desktop.main.js:427:604
    at Socket.t (file:///usr/share/code/resources/app/out/vs/workbench/workbench.desktop.main.js:436:655)
    at Socket.emit (events.js:203:13)
    at addChunk (_stream_readable.js:295:12)
    at readableAddChunk (_stream_readable.js:276:11)
    at Socket.Readable.push (_stream_readable.js:210:10)
    at Pipe.onStreamRead (internal/stream_base_commons.js:166:17)
[2020-08-23 18:12:02.524] [renderer1] [error] Error: file:///home/saroj/Documents/shop-bridge/src/Component/Product/index.js has changed in the meantime
    at f._validateBeforePrepare (file:///usr/share/code/resources/app/out/vs/workbench/workbench.desktop.main.js:3502:666)
    at f.apply (file:///usr/share/code/resources/app/out/vs/workbench/workbench.desktop.main.js:3503:605)
    at v._performTextEdits (file:///usr/share/code/resources/app/out/vs/workbench/workbench.desktop.main.js:6113:525)
    at v.perform (file:///usr/share/code/resources/app/out/vs/workbench/workbench.desktop.main.js:6113:93)
    at S.apply (file:///usr/share/code/resources/app/out/vs/workbench/workbench.desktop.main.js:6114:418)
    at e.$tryApplyWorkspaceEdit (file:///usr/share/code/resources/app/out/vs/workbench/workbench.desktop.main.js:4183:576)
    at p._doInvokeHandler (file:///usr/share/code/resources/app/out/vs/workbench/workbench.desktop.main.js:4258:757)
    at p._invokeHandler (file:///usr/share/code/resources/app/out/vs/workbench/workbench.desktop.main.js:4258:449)
    at p._receiveRequest (file:///usr/share/code/resources/app/out/vs/workbench/workbench.desktop.main.js:4257:120)
    at p._receiveOneMessage (file:///usr/share/code/resources/app/out/vs/workbench/workbench.desktop.main.js:4255:970)
    at file:///usr/share/code/resources/app/out/vs/workbench/workbench.desktop.main.js:4254:161
    at c.fire (file:///usr/share/code/resources/app/out/vs/workbench/workbench.desktop.main.js:95:801)
    at v.fire (file:///usr/share/code/resources/app/out/vs/workbench/workbench.desktop.main.js:430:733)
    at t.PersistentProtocol._receiveMessage (file:///usr/share/code/resources/app/out/vs/workbench/workbench.desktop.main.js:435:38)
    at file:///usr/share/code/resources/app/out/vs/workbench/workbench.desktop.main.js:432:243
    at c.fire (file:///usr/share/code/resources/app/out/vs/workbench/workbench.desktop.main.js:95:801)
    at g.acceptChunk (file:///usr/share/code/resources/app/out/vs/workbench/workbench.desktop.main.js:428:234)
    at file:///usr/share/code/resources/app/out/vs/workbench/workbench.desktop.main.js:427:604
    at Socket.t (file:///usr/share/code/resources/app/out/vs/workbench/workbench.desktop.main.js:436:655)
    at Socket.emit (events.js:203:13)
    at addChunk (_stream_readable.js:295:12)
    at readableAddChunk (_stream_readable.js:276:11)
    at Socket.Readable.push (_stream_readable.js:210:10)
    at Pipe.onStreamRead (internal/stream_base_commons.js:166:17)
[2020-08-23 18:12:02.525] [renderer1] [error] Error: file:///home/saroj/Documents/shop-bridge/src/Component/Product/index.js has changed in the meantime
    at f._validateBeforePrepare (file:///usr/share/code/resources/app/out/vs/workbench/workbench.desktop.main.js:3502:666)
    at f.apply (file:///usr/share/code/resources/app/out/vs/workbench/workbench.desktop.main.js:3503:605)
    at v._performTextEdits (file:///usr/share/code/resources/app/out/vs/workbench/workbench.desktop.main.js:6113:525)
    at v.perform (file:///usr/share/code/resources/app/out/vs/workbench/workbench.desktop.main.js:6113:93)
    at S.apply (file:///usr/share/code/resources/app/out/vs/workbench/workbench.desktop.main.js:6114:418)
    at e.$tryApplyWorkspaceEdit (file:///usr/share/code/resources/app/out/vs/workbench/workbench.desktop.main.js:4183:576)
    at p._doInvokeHandler (file:///usr/share/code/resources/app/out/vs/workbench/workbench.desktop.main.js:4258:757)
    at p._invokeHandler (file:///usr/share/code/resources/app/out/vs/workbench/workbench.desktop.main.js:4258:449)
    at p._receiveRequest (file:///usr/share/code/resources/app/out/vs/workbench/workbench.desktop.main.js:4257:120)
    at p._receiveOneMessage (file:///usr/share/code/resources/app/out/vs/workbench/workbench.desktop.main.js:4255:970)
    at file:///usr/share/code/resources/app/out/vs/workbench/workbench.desktop.main.js:4254:161
    at c.fire (file:///usr/share/code/resources/app/out/vs/workbench/workbench.desktop.main.js:95:801)
    at v.fire (file:///usr/share/code/resources/app/out/vs/workbench/workbench.desktop.main.js:430:733)
    at t.PersistentProtocol._receiveMessage (file:///usr/share/code/resources/app/out/vs/workbench/workbench.desktop.main.js:435:38)
    at file:///usr/share/code/resources/app/out/vs/workbench/workbench.desktop.main.js:432:243
    at c.fire (file:///usr/share/code/resources/app/out/vs/workbench/workbench.desktop.main.js:95:801)
    at g.acceptChunk (file:///usr/share/code/resources/app/out/vs/workbench/workbench.desktop.main.js:428:234)
    at file:///usr/share/code/resources/app/out/vs/workbench/workbench.desktop.main.js:427:604
    at Socket.t (file:///usr/share/code/resources/app/out/vs/workbench/workbench.desktop.main.js:436:655)
    at Socket.emit (events.js:203:13)
    at addChunk (_stream_readable.js:295:12)
    at readableAddChunk (_stream_readable.js:276:11)
    at Socket.Readable.push (_stream_readable.js:210:10)
    at Pipe.onStreamRead (internal/stream_base_commons.js:166:17)
[2020-08-23 19:35:02.712] [renderer1] [error] Error: file:///home/saroj/Documents/shop-bridge/src/Component/Product/addProduct.js has changed in the meantime
    at f.apply (file:///usr/share/code/resources/app/out/vs/workbench/workbench.desktop.main.js:3503:725)
    at async v._performTextEdits (file:///usr/share/code/resources/app/out/vs/workbench/workbench.desktop.main.js:6113:517)
    at async v.perform (file:///usr/share/code/resources/app/out/vs/workbench/workbench.desktop.main.js:6113:82)
[2020-08-23 20:18:17.728] [renderer1] [error] Unable to read file '/home/saroj/Documents/shop-bridge/jest.config.js' (Error: Unable to resolve non-existing file '/home/saroj/Documents/shop-bridge/jest.config.js'): Error: Unable to read file '/home/saroj/Documents/shop-bridge/jest.config.js' (Error: Unable to resolve non-existing file '/home/saroj/Documents/shop-bridge/jest.config.js')
    at b.doReadAsFileStream (file:///usr/share/code/resources/app/out/vs/workbench/workbench.desktop.main.js:1695:7)
