[2020-08-23 15:33:03.432] [exthost] [info] extension host started
[2020-08-23 15:33:03.465] [exthost] [info] ExtensionService#_doActivateExtension vscode.debug-auto-launch {"startup":true,"extensionId":{"value":"vscode.debug-auto-launch","_lower":"vscode.debug-auto-launch"},"activationEvent":"*"}
[2020-08-23 15:33:03.465] [exthost] [info] ExtensionService#loadCommonJSModule file:///usr/share/code/resources/app/extensions/debug-auto-launch/dist/extension
[2020-08-23 15:33:03.690] [exthost] [info] ExtensionService#_doActivateExtension vscode.emmet {"startup":true,"extensionId":{"value":"vscode.emmet","_lower":"vscode.emmet"},"activationEvent":"*"}
[2020-08-23 15:33:03.690] [exthost] [info] ExtensionService#loadCommonJSModule file:///usr/share/code/resources/app/extensions/emmet/dist/extension
[2020-08-23 15:33:03.868] [exthost] [info] ExtensionService#_doActivateExtension vscode.git {"startup":true,"extensionId":{"value":"vscode.github","_lower":"vscode.github"},"activationEvent":"*"}
[2020-08-23 15:33:03.869] [exthost] [info] ExtensionService#loadCommonJSModule file:///usr/share/code/resources/app/extensions/git/dist/main
[2020-08-23 15:33:04.124] [exthost] [info] ExtensionService#_doActivateExtension vscode.github-authentication {"startup":true,"extensionId":{"value":"vscode.github-authentication","_lower":"vscode.github-authentication"},"activationEvent":"*"}
[2020-08-23 15:33:04.124] [exthost] [info] ExtensionService#loadCommonJSModule file:///usr/share/code/resources/app/extensions/github-authentication/dist/extension.js
[2020-08-23 15:33:04.317] [exthost] [info] ExtensionService#_doActivateExtension vscode.merge-conflict {"startup":true,"extensionId":{"value":"vscode.merge-conflict","_lower":"vscode.merge-conflict"},"activationEvent":"*"}
[2020-08-23 15:33:04.317] [exthost] [info] ExtensionService#loadCommonJSModule file:///usr/share/code/resources/app/extensions/merge-conflict/dist/mergeConflictMain
[2020-08-23 15:33:04.511] [exthost] [info] ExtensionService#_doActivateExtension vscode.microsoft-authentication {"startup":true,"extensionId":{"value":"vscode.microsoft-authentication","_lower":"vscode.microsoft-authentication"},"activationEvent":"*"}
[2020-08-23 15:33:04.511] [exthost] [info] ExtensionService#loadCommonJSModule file:///usr/share/code/resources/app/extensions/microsoft-authentication/dist/extension.js
[2020-08-23 15:33:04.773] [exthost] [info] ExtensionService#_doActivateExtension vscode.search-result {"startup":true,"extensionId":{"value":"vscode.search-result","_lower":"vscode.search-result"},"activationEvent":"*"}
[2020-08-23 15:33:04.773] [exthost] [info] ExtensionService#loadCommonJSModule file:///usr/share/code/resources/app/extensions/search-result/dist/extension.js
[2020-08-23 15:33:04.781] [exthost] [info] ExtensionService#_doActivateExtension CoenraadS.bracket-pair-colorizer {"startup":true,"extensionId":{"value":"CoenraadS.bracket-pair-colorizer","_lower":"coenraads.bracket-pair-colorizer"},"activationEvent":"*"}
[2020-08-23 15:33:04.781] [exthost] [info] ExtensionService#loadCommonJSModule file:///home/saroj/.vscode/extensions/coenraads.bracket-pair-colorizer-1.0.61/out/src/extension
[2020-08-23 15:33:05.454] [exthost] [info] ExtensionService#_doActivateExtension vscode.github {"startup":true,"extensionId":{"value":"vscode.github","_lower":"vscode.github"},"activationEvent":"*"}
[2020-08-23 15:33:05.454] [exthost] [info] ExtensionService#loadCommonJSModule file:///usr/share/code/resources/app/extensions/github/dist/extension.js
[2020-08-23 15:33:05.527] [exthost] [info] eager extensions activated
[2020-08-23 15:33:32.282] [exthost] [info] extension host started
[2020-08-23 15:33:32.299] [exthost] [info] ExtensionService#_doActivateExtension vscode.debug-auto-launch {"startup":true,"extensionId":{"value":"vscode.debug-auto-launch","_lower":"vscode.debug-auto-launch"},"activationEvent":"*"}
[2020-08-23 15:33:32.299] [exthost] [info] ExtensionService#loadCommonJSModule file:///usr/share/code/resources/app/extensions/debug-auto-launch/dist/extension
[2020-08-23 15:33:32.302] [exthost] [info] ExtensionService#_doActivateExtension vscode.emmet {"startup":true,"extensionId":{"value":"vscode.emmet","_lower":"vscode.emmet"},"activationEvent":"*"}
[2020-08-23 15:33:32.302] [exthost] [info] ExtensionService#loadCommonJSModule file:///usr/share/code/resources/app/extensions/emmet/dist/extension
[2020-08-23 15:33:32.317] [exthost] [info] ExtensionService#_doActivateExtension vscode.git {"startup":true,"extensionId":{"value":"vscode.github","_lower":"vscode.github"},"activationEvent":"*"}
[2020-08-23 15:33:32.317] [exthost] [info] ExtensionService#loadCommonJSModule file:///usr/share/code/resources/app/extensions/git/dist/main
[2020-08-23 15:33:32.341] [exthost] [info] ExtensionService#_doActivateExtension vscode.github-authentication {"startup":true,"extensionId":{"value":"vscode.github-authentication","_lower":"vscode.github-authentication"},"activationEvent":"*"}
[2020-08-23 15:33:32.341] [exthost] [info] ExtensionService#loadCommonJSModule file:///usr/share/code/resources/app/extensions/github-authentication/dist/extension.js
[2020-08-23 15:33:32.349] [exthost] [info] ExtensionService#_doActivateExtension vscode.merge-conflict {"startup":true,"extensionId":{"value":"vscode.merge-conflict","_lower":"vscode.merge-conflict"},"activationEvent":"*"}
[2020-08-23 15:33:32.349] [exthost] [info] ExtensionService#loadCommonJSModule file:///usr/share/code/resources/app/extensions/merge-conflict/dist/mergeConflictMain
[2020-08-23 15:33:32.352] [exthost] [info] ExtensionService#_doActivateExtension vscode.microsoft-authentication {"startup":true,"extensionId":{"value":"vscode.microsoft-authentication","_lower":"vscode.microsoft-authentication"},"activationEvent":"*"}
[2020-08-23 15:33:32.352] [exthost] [info] ExtensionService#loadCommonJSModule file:///usr/share/code/resources/app/extensions/microsoft-authentication/dist/extension.js
[2020-08-23 15:33:32.357] [exthost] [info] ExtensionService#_doActivateExtension vscode.search-result {"startup":true,"extensionId":{"value":"vscode.search-result","_lower":"vscode.search-result"},"activationEvent":"*"}
[2020-08-23 15:33:32.357] [exthost] [info] ExtensionService#loadCommonJSModule file:///usr/share/code/resources/app/extensions/search-result/dist/extension.js
[2020-08-23 15:33:32.363] [exthost] [info] ExtensionService#_doActivateExtension CoenraadS.bracket-pair-colorizer {"startup":true,"extensionId":{"value":"CoenraadS.bracket-pair-colorizer","_lower":"coenraads.bracket-pair-colorizer"},"activationEvent":"*"}
[2020-08-23 15:33:32.363] [exthost] [info] ExtensionService#loadCommonJSModule file:///home/saroj/.vscode/extensions/coenraads.bracket-pair-colorizer-1.0.61/out/src/extension
[2020-08-23 15:33:32.399] [exthost] [info] ExtensionService#_doActivateExtension vscode.npm {"startup":true,"extensionId":{"value":"vscode.npm","_lower":"vscode.npm"},"activationEvent":"workspaceContains:package.json"}
[2020-08-23 15:33:32.399] [exthost] [info] ExtensionService#loadCommonJSModule file:///usr/share/code/resources/app/extensions/npm/dist/npmMain
[2020-08-23 15:33:32.595] [exthost] [info] ExtensionService#_doActivateExtension vscode.github {"startup":true,"extensionId":{"value":"vscode.github","_lower":"vscode.github"},"activationEvent":"*"}
[2020-08-23 15:33:32.595] [exthost] [info] ExtensionService#loadCommonJSModule file:///usr/share/code/resources/app/extensions/github/dist/extension.js
[2020-08-23 15:33:33.717] [exthost] [info] eager extensions activated
[2020-08-23 16:01:30.063] [exthost] [info] ExtensionService#_doActivateExtension vscode.html-language-features {"startup":false,"extensionId":{"value":"vscode.html-language-features","_lower":"vscode.html-language-features"},"activationEvent":"onLanguage:html"}
[2020-08-23 16:01:30.063] [exthost] [info] ExtensionService#loadCommonJSModule file:///usr/share/code/resources/app/extensions/html-language-features/client/dist/node/htmlClientMain
[2020-08-23 16:01:30.276] [exthost] [info] ExtensionService#_doActivateExtension vscode.typescript-language-features {"startup":false,"extensionId":{"value":"SonarSource.sonarlint-vscode","_lower":"sonarsource.sonarlint-vscode"},"activationEvent":"onLanguage:html"}
[2020-08-23 16:01:30.276] [exthost] [info] ExtensionService#loadCommonJSModule file:///usr/share/code/resources/app/extensions/typescript-language-features/dist/extension
[2020-08-23 16:01:30.400] [exthost] [info] ExtensionService#_doActivateExtension SonarSource.sonarlint-vscode {"startup":false,"extensionId":{"value":"SonarSource.sonarlint-vscode","_lower":"sonarsource.sonarlint-vscode"},"activationEvent":"onLanguage:html"}
[2020-08-23 16:01:30.400] [exthost] [info] ExtensionService#loadCommonJSModule file:///home/saroj/.vscode/extensions/sonarsource.sonarlint-vscode-1.17.0/dist/extension
[2020-08-23 16:02:55.311] [exthost] [info] ExtensionService#_doActivateExtension ajhyndman.jslint {"startup":false,"extensionId":{"value":"ajhyndman.jslint","_lower":"ajhyndman.jslint"},"activationEvent":"onLanguage:javascript"}
[2020-08-23 16:02:55.311] [exthost] [info] ExtensionService#loadCommonJSModule file:///home/saroj/.vscode/extensions/ajhyndman.jslint-1.2.1/out/extension
[2020-08-23 16:02:56.495] [exthost] [info] ExtensionService#_doActivateExtension VisualStudioExptTeam.vscodeintellicode {"startup":false,"extensionId":{"value":"VisualStudioExptTeam.vscodeintellicode","_lower":"visualstudioexptteam.vscodeintellicode"},"activationEvent":"onLanguage:javascript"}
[2020-08-23 16:02:56.495] [exthost] [info] ExtensionService#loadCommonJSModule file:///home/saroj/.vscode/extensions/visualstudioexptteam.vscodeintellicode-1.2.10/dist/intellicode
[2020-08-23 16:02:57.268] [exthost] [info] ExtensionService#_doActivateExtension vscode.configuration-editing {"startup":false,"extensionId":{"value":"vscode.configuration-editing","_lower":"vscode.configuration-editing"},"activationEvent":"onLanguage:jsonc"}
[2020-08-23 16:02:57.268] [exthost] [info] ExtensionService#loadCommonJSModule file:///usr/share/code/resources/app/extensions/configuration-editing/dist/configurationEditingMain
[2020-08-23 16:02:57.799] [exthost] [info] ExtensionService#_doActivateExtension vscode.json-language-features {"startup":false,"extensionId":{"value":"vscode.json-language-features","_lower":"vscode.json-language-features"},"activationEvent":"onLanguage:jsonc"}
[2020-08-23 16:02:57.799] [exthost] [info] ExtensionService#loadCommonJSModule file:///usr/share/code/resources/app/extensions/json-language-features/client/dist/node/jsonClientMain
[2020-08-23 16:03:19.381] [exthost] [info] ExtensionService#_doActivateExtension vscode.extension-editing {"startup":false,"extensionId":{"value":"vscode.extension-editing","_lower":"vscode.extension-editing"},"activationEvent":"onLanguage:json"}
[2020-08-23 16:03:19.381] [exthost] [info] ExtensionService#loadCommonJSModule file:///usr/share/code/resources/app/extensions/extension-editing/dist/extension
[2020-08-23 16:03:19.391] [exthost] [info] ExtensionService#_doActivateExtension ms-vscode.js-debug {"startup":false,"extensionId":{"value":"ms-vscode.js-debug","_lower":"ms-vscode.js-debug"},"activationEvent":"onLanguage:json"}
[2020-08-23 16:03:19.391] [exthost] [info] ExtensionService#loadCommonJSModule file:///usr/share/code/resources/app/extensions/ms-vscode.js-debug/src/extension.js
[2020-08-23 16:14:58.150] [exthost] [info] ExtensionService#_doActivateExtension vscode.css-language-features {"startup":false,"extensionId":{"value":"vscode.css-language-features","_lower":"vscode.css-language-features"},"activationEvent":"onLanguage:css"}
[2020-08-23 16:14:58.150] [exthost] [info] ExtensionService#loadCommonJSModule file:///usr/share/code/resources/app/extensions/css-language-features/client/dist/node/cssClientMain
[2020-08-23 16:21:11.088] [exthost] [error] [vscode.typescript-language-features] provider FAILED
[2020-08-23 16:21:11.093] [exthost] [error] Error: <syntax> TypeScript Server Error (3.9.6)
Debug Failure. False expression: Expected line to be non-zero
Error: Debug Failure. False expression: Expected line to be non-zero
    at failIfInvalidLocation (/usr/share/code/resources/app/extensions/node_modules/typescript/lib/tsserver.js:142443:22)
    at ScriptInfo.positionToLineOffset (/usr/share/code/resources/app/extensions/node_modules/typescript/lib/tsserver.js:142416:17)
    at toProtocolTextSpan (/usr/share/code/resources/app/extensions/node_modules/typescript/lib/tsserver.js:149627:35)
    at /usr/share/code/resources/app/extensions/node_modules/typescript/lib/tsserver.js:149157:68
    at Array.map (<anonymous>)
    at IOSession.Session.toLocationNavigationTree (/usr/share/code/resources/app/extensions/node_modules/typescript/lib/tsserver.js:149157:39)
    at IOSession.Session.getNavigationTree (/usr/share/code/resources/app/extensions/node_modules/typescript/lib/tsserver.js:149168:32)
    at Session.handlers.ts.createMapFromTemplate._a.<computed> (/usr/share/code/resources/app/extensions/node_modules/typescript/lib/tsserver.js:148011:61)
    at /usr/share/code/resources/app/extensions/node_modules/typescript/lib/tsserver.js:149553:88
    at IOSession.Session.executeWithRequestId (/usr/share/code/resources/app/extensions/node_modules/typescript/lib/tsserver.js:149544:28)
    at IOSession.Session.executeCommand (/usr/share/code/resources/app/extensions/node_modules/typescript/lib/tsserver.js:149553:33)
    at IOSession.Session.onMessage (/usr/share/code/resources/app/extensions/node_modules/typescript/lib/tsserver.js:149577:35)
    at Interface.<anonymous> (/usr/share/code/resources/app/extensions/node_modules/typescript/lib/tsserver.js:150893:27)
    at Interface.emit (events.js:203:13)
    at Interface._onLine (readline.js:316:10)
    at Interface._normalWrite (readline.js:461:12)
    at Socket.ondata (readline.js:172:10)
    at Socket.emit (events.js:203:13)
    at addChunk (_stream_readable.js:295:12)
    at readableAddChunk (_stream_readable.js:276:11)
    at Socket.Readable.push (_stream_readable.js:210:10)
    at Pipe.onStreamRead (internal/stream_base_commons.js:166:17)
	at Function.create (/usr/share/code/resources/app/extensions/typescript-language-features/dist/extension.js:1:55161)
	at h.dispatchResponse (/usr/share/code/resources/app/extensions/typescript-language-features/dist/extension.js:1:227777)
	at h.dispatchMessage (/usr/share/code/resources/app/extensions/typescript-language-features/dist/extension.js:1:226697)
	at /usr/share/code/resources/app/extensions/typescript-language-features/dist/extension.js:1:226173
	at l.fire (/usr/share/code/resources/app/out/vs/workbench/services/extensions/node/extensionHostProcess.js:45:801)
	at l.onLengthData (/usr/share/code/resources/app/extensions/typescript-language-features/dist/extension.js:1:235493)
	at Socket.<anonymous> (/usr/share/code/resources/app/extensions/typescript-language-features/dist/extension.js:1:235141)
	at Socket.emit (events.js:203:13)
	at addChunk (_stream_readable.js:295:12)
	at readableAddChunk (_stream_readable.js:276:11)
	at Socket.Readable.push (_stream_readable.js:210:10)
	at Pipe.onStreamRead (internal/stream_base_commons.js:166:17)
[2020-08-23 16:21:19.183] [exthost] [error] [vscode.typescript-language-features] provider FAILED
[2020-08-23 16:21:19.183] [exthost] [error] Error: <syntax> TypeScript Server Error (3.9.6)
Debug Failure. False expression: Expected line to be non-zero
Error: Debug Failure. False expression: Expected line to be non-zero
    at failIfInvalidLocation (/usr/share/code/resources/app/extensions/node_modules/typescript/lib/tsserver.js:142443:22)
    at ScriptInfo.positionToLineOffset (/usr/share/code/resources/app/extensions/node_modules/typescript/lib/tsserver.js:142416:17)
    at toProtocolTextSpan (/usr/share/code/resources/app/extensions/node_modules/typescript/lib/tsserver.js:149627:35)
    at /usr/share/code/resources/app/extensions/node_modules/typescript/lib/tsserver.js:149157:68
    at Array.map (<anonymous>)
    at IOSession.Session.toLocationNavigationTree (/usr/share/code/resources/app/extensions/node_modules/typescript/lib/tsserver.js:149157:39)
    at IOSession.Session.getNavigationTree (/usr/share/code/resources/app/extensions/node_modules/typescript/lib/tsserver.js:149168:32)
    at Session.handlers.ts.createMapFromTemplate._a.<computed> (/usr/share/code/resources/app/extensions/node_modules/typescript/lib/tsserver.js:148011:61)
    at /usr/share/code/resources/app/extensions/node_modules/typescript/lib/tsserver.js:149553:88
    at IOSession.Session.executeWithRequestId (/usr/share/code/resources/app/extensions/node_modules/typescript/lib/tsserver.js:149544:28)
    at IOSession.Session.executeCommand (/usr/share/code/resources/app/extensions/node_modules/typescript/lib/tsserver.js:149553:33)
    at IOSession.Session.onMessage (/usr/share/code/resources/app/extensions/node_modules/typescript/lib/tsserver.js:149577:35)
    at Interface.<anonymous> (/usr/share/code/resources/app/extensions/node_modules/typescript/lib/tsserver.js:150893:27)
    at Interface.emit (events.js:203:13)
    at Interface._onLine (readline.js:316:10)
    at Interface._normalWrite (readline.js:461:12)
    at Socket.ondata (readline.js:172:10)
    at Socket.emit (events.js:203:13)
    at addChunk (_stream_readable.js:295:12)
    at readableAddChunk (_stream_readable.js:276:11)
    at Socket.Readable.push (_stream_readable.js:210:10)
    at Pipe.onStreamRead (internal/stream_base_commons.js:166:17)
	at Function.create (/usr/share/code/resources/app/extensions/typescript-language-features/dist/extension.js:1:55161)
	at h.dispatchResponse (/usr/share/code/resources/app/extensions/typescript-language-features/dist/extension.js:1:227777)
	at h.dispatchMessage (/usr/share/code/resources/app/extensions/typescript-language-features/dist/extension.js:1:226697)
	at /usr/share/code/resources/app/extensions/typescript-language-features/dist/extension.js:1:226173
	at l.fire (/usr/share/code/resources/app/out/vs/workbench/services/extensions/node/extensionHostProcess.js:45:801)
	at l.onLengthData (/usr/share/code/resources/app/extensions/typescript-language-features/dist/extension.js:1:235493)
	at Socket.<anonymous> (/usr/share/code/resources/app/extensions/typescript-language-features/dist/extension.js:1:235141)
	at Socket.emit (events.js:203:13)
	at addChunk (_stream_readable.js:295:12)
	at readableAddChunk (_stream_readable.js:276:11)
	at Socket.Readable.push (_stream_readable.js:210:10)
	at Pipe.onStreamRead (internal/stream_base_commons.js:166:17)
[2020-08-23 19:57:27.819] [exthost] [error] [vscode.typescript-language-features] provider FAILED
[2020-08-23 19:57:27.949] [exthost] [error] Error: DisposableStore is missing...
	at U._convertCompletionItem (/usr/share/code/resources/app/out/vs/workbench/services/extensions/node/extensionHostProcess.js:679:652)
	at U.resolveCompletionItem (/usr/share/code/resources/app/out/vs/workbench/services/extensions/node/extensionHostProcess.js:679:419)
	at runMicrotasks (<anonymous>)
	at processTicksAndRejections (internal/process/task_queues.js:85:5)
[2020-08-23 21:46:47.128] [exthost] [error] [vscode.typescript-language-features] provider FAILED
[2020-08-23 21:46:47.128] [exthost] [error] Error: DisposableStore is missing...
	at U._convertCompletionItem (/usr/share/code/resources/app/out/vs/workbench/services/extensions/node/extensionHostProcess.js:679:652)
	at U.resolveCompletionItem (/usr/share/code/resources/app/out/vs/workbench/services/extensions/node/extensionHostProcess.js:679:419)
	at runMicrotasks (<anonymous>)
	at processTicksAndRejections (internal/process/task_queues.js:85:5)
[2020-08-23 22:13:39.320] [exthost] [error] [vscode.typescript-language-features] provider FAILED
[2020-08-23 22:13:39.320] [exthost] [error] Error: DisposableStore is missing...
	at U._convertCompletionItem (/usr/share/code/resources/app/out/vs/workbench/services/extensions/node/extensionHostProcess.js:679:652)
	at U.resolveCompletionItem (/usr/share/code/resources/app/out/vs/workbench/services/extensions/node/extensionHostProcess.js:679:419)
	at runMicrotasks (<anonymous>)
	at processTicksAndRejections (internal/process/task_queues.js:85:5)
